INFO:  latexindent version 4.0, 2026-03-15, a script to indent .tex files
       latexindent lives here: /usr/local/texlive/2026/texmf-dist/scripts/latexindent/
       Mon Jul  6 23:03:05 2026
       Reading input from STDIN
INFO:  Processing switches:
       -m|--modifylinebreaks: modify line breaks
INFO:  Directory for backup files and log file indent.log:
       .
INFO:  YAML settings read: defaultSettings.yaml
       Reading defaultSettings.yaml from /usr/local/texlive/2026/texmf-dist/scripts/latexindent/defaultSettings.yaml
INFO:  YAML reading settings
       Home directory is /Users/parsanasiri
       latexindent.pl didn't find indentconfig.yaml or .indentconfig.yaml
       see all possible locations: https://latexindentpl.readthedocs.io/en/latest/sec-appendices.html#indentconfig-options
INFO:  Output routine:
       Not outputting to file; see -w and -o switches for more options.
       --------------
INFO:  Please direct all communication/issues to:
       https://github.com/cmhughes/latexindent.pl
       documentation: https://latexindentpl.readthedocs.io/en/latest/
