\BOOKMARK [1][-]{section.1}{\376\377\006\105\006\102\006\057\006\105\006\107}{}% 1
\BOOKMARK [1][-]{section.2}{\376\377\006\063\006\044\006\047\006\104\000\040\006\047\006\110\006\104}{}% 2
\BOOKMARK [2][-]{subsection.2.1}{\376\377\006\065\006\110\006\061\006\052\000\040\006\105\006\063\006\046\006\104\006\107}{section.2}% 3
\BOOKMARK [2][-]{subsection.2.2}{\376\377\006\176\006\314\006\047\006\057\006\107\040\014\006\063\006\047\006\062\006\314}{section.2}% 4
\BOOKMARK [2][-]{subsection.2.3}{\376\377\006\057\006\061\006\110\006\106\006\314\006\047\006\050\006\314\000\040\006\104\006\047\006\257\006\061\006\047\006\106\006\230}{section.2}% 5
\BOOKMARK [2][-]{subsection.2.4}{\376\377\006\057\006\061\006\110\006\106\006\314\006\047\006\050\006\314\000\040\006\047\006\063\006\176\006\104\006\047\006\314\006\106\000\040\006\105\006\251\006\071\006\050\006\314}{section.2}% 6
\BOOKMARK [2][-]{subsection.2.5}{\376\377\006\105\006\102\006\047\006\314\006\063\006\107\000\040\006\061\006\110\006\064\040\014\006\107\006\047}{section.2}% 7
\BOOKMARK [1][-]{section.3}{\376\377\006\063\006\044\006\047\006\104\000\040\006\057\006\110\006\105}{}% 8
\BOOKMARK [2][-]{subsection.3.1}{\376\377\006\065\006\110\006\061\006\052\000\040\006\105\006\063\006\046\006\104\006\107}{section.3}% 9
\BOOKMARK [2][-]{subsection.3.2}{\376\377\006\056\006\110\006\047\006\106\006\057\006\106\000\040\006\101\006\047\006\314\006\104\000\040\006\047\006\251\006\063\006\104}{section.3}% 10
\BOOKMARK [2][-]{subsection.3.3}{\376\377\006\106\006\105\006\110\006\057\006\047\006\061\000\040\006\105\006\314\006\104\006\107\040\014\006\047\006\314}{section.3}% 11
\BOOKMARK [2][-]{subsection.3.4}{\376\377\006\106\006\105\006\110\006\057\006\047\006\061\000\040\006\056\006\067\006\314}{section.3}% 12
\BOOKMARK [2][-]{subsection.3.5}{\376\377\006\106\006\105\006\110\006\057\006\047\006\061\000\040\006\054\006\071\006\050\006\107\040\014\006\047\006\314}{section.3}% 13
\BOOKMARK [2][-]{subsection.3.6}{\376\377\006\105\006\314\006\047\006\106\006\257\006\314\006\106\000\040\006\062\006\105\006\047\006\106\000\040\006\047\006\054\006\061\006\047\006\314\000\040\006\047\006\104\006\257\006\110\006\061\006\314\006\052\006\105\000\040\006\057\006\110\006\105}{section.3}% 14
\BOOKMARK [2][-]{subsection.3.7}{\376\377\006\054\006\105\006\071\040\014\006\050\006\106\006\057\006\314}{section.3}% 15
\BOOKMARK [1][-]{section.4}{\376\377\006\063\006\044\006\047\006\104\000\040\006\063\006\110\006\105}{}% 16
\BOOKMARK [2][-]{subsection.4.1}{\376\377\006\065\006\110\006\061\006\052\000\040\006\105\006\063\006\046\006\104\006\107}{section.4}% 17
\BOOKMARK [2][-]{subsection.4.2}{\376\377\006\061\006\063\006\105\000\040\006\052\006\047\006\050\006\071}{section.4}% 18
\BOOKMARK [2][-]{subsection.4.3}{\376\377\006\061\006\110\006\064\000\040\006\060\006\110\006\062\006\106\006\102\006\107\040\014\006\047\006\314}{section.4}% 19
\BOOKMARK [2][-]{subsection.4.4}{\376\377\006\061\006\110\006\064\000\040\006\063\006\314\006\105\006\176\006\063\006\110\006\106}{section.4}% 20
\BOOKMARK [2][-]{subsection.4.5}{\376\377\006\047\006\106\006\052\006\257\006\061\006\047\006\104\040\014\006\257\006\314\006\061\006\314\000\040\006\257\006\047\006\110\006\063\006\314}{section.4}% 21
\BOOKMARK [2][-]{subsection.4.6}{\376\377\006\105\006\102\006\047\006\314\006\063\006\107\000\040\006\106\006\052\006\047\006\314\006\054}{section.4}% 22
\BOOKMARK [1][-]{section.5}{\376\377\006\054\006\105\006\071\040\014\006\050\006\106\006\057\006\314}{}% 23
\BOOKMARK [1][-]{section.6}{\376\377\000G\000i\000t\000H\000u\000b}{}% 24
